<?xml version="1.0" encoding="UTF-8"?>
<testsuite xmlns:xsi="http://www.w3.org/2001/XMLSchema-instance" xsi:noNamespaceSchemaLocation="https://maven.apache.org/surefire/maven-surefire-plugin/xsd/surefire-test-report-3.0.xsd" version="3.0" name="com.vincevscode.cointracker.repository.InMemoryCoinRepositoryTest" time="0.133" tests="11" errors="0" skipped="0" failures="0">
  <properties>
[...]
</properties>
  <testcase name="addCoin_shouldThrowExceptionWhenIdAlreadyExists" classname="com.vincevscode.cointracker.repository.InMemoryCoinRepositoryTest" time="0.067"/>
  <testcase name="addCoin_shouldStoreCoinThroughService" classname="com.vincevscode.cointracker.repository.InMemoryCoinRepositoryTest" time="0.003"/>
  <testcase name="removeCoinById_shouldReturnTrueWhenCoinExists" classname="com.vincevscode.cointracker.repository.InMemoryCoinRepositoryTest" time="0.004"/>
  <testcase name="addCoin_shouldThrowExceptionWhenIdIsNotPositive" classname="com.vincevscode.cointracker.repository.InMemoryCoinRepositoryTest" time="0.003"/>
  <testcase name="getAllCoins_shouldReturnCopyOfInternalList" classname="com.vincevscode.cointracker.repository.InMemoryCoinRepositoryTest" time="0.003"/>
  <testcase name="addCoin_shouldThrowExceptionWhenCountryIsBlank" classname="com.vincevscode.cointracker.repository.InMemoryCoinRepositoryTest" time="0.002"/>
  <testcase name="addCoin_shouldThrowExceptionWhenDenominationIsBlank" classname="com.vincevscode.cointracker.repository.InMemoryCoinRepositoryTest" time="0.003"/>
  <testcase name="findCoinById_shouldReturnNullWhenIdDoesNotExist" classname="com.vincevscode.cointracker.repository.InMemoryCoinRepositoryTest" time="0.002"/>
  <testcase name="addCoin_shouldThrowExceptionWhenYearIsNotPositive" classname="com.vincevscode.cointracker.repository.InMemoryCoinRepositoryTest" time="0.005"/>
  <testcase name="removeCoinById_shouldReturnFalseWhenCoinDoesNotExist" classname="com.vincevscode.cointracker.repository.InMemoryCoinRepositoryTest" time="0.003"/>
  <testcase name="removeCoinById_shouldRemoveCoinThroughService" classname="com.vincevscode.cointracker.repository.InMemoryCoinRepositoryTest" time="0.002"/>
</testsuite>